This file contains any messages produced by compilers while
running configure, to aid debugging if configure makes a mistake.

It was created by mssilk configure 1.0.0, which was
generated by GNU Autoconf 2.63.  Invocation command line was

  $ /home/android-ndk-r9c/linphone-android/submodules/mssilk/configure --without-mediastreamer --host=arm-linux MEDIASTREAMER_CFLAGS=  MEDIASTREAMER_LIBS= 

## --------- ##
## Platform. ##
## --------- ##

hostname = localhost.localdomain
uname -m = i686
uname -r = 2.6.32-220.el6.i686
uname -s = Linux
uname -v = #1 SMP Tue Dec 6 16:15:40 GMT 2011

/usr/bin/uname -p = unknown
/bin/uname -X     = unknown

/bin/arch              = i686
/usr/bin/arch -k       = unknown
/usr/convex/getsysinfo = unknown
/usr/bin/hostinfo      = unknown
/bin/machine           = unknown
/usr/bin/oslevel       = unknown
/bin/universe          = unknown

PATH: /home/android-ndk-r9c
PATH: /home/android-ndk-r9c/adt-bundle-linux-x86-20140702/sdk/tools
PATH: /home/android-ndk-r9c/adt-bundle-linux-x86-20140702/sdk/platform-tools
PATH: /home/android-ndk-r9c
PATH: /usr/local/webserver/php/bin
PATH: /usr/local/sbin
PATH: /usr/sbin
PATH: /sbin
PATH: /usr/local/bin
PATH: /usr/bin
PATH: /bin
PATH: /root/bin


## ----------- ##
## Core tests. ##
## ----------- ##

configure:2099: checking for a BSD-compatible install
configure:2167: result: /usr/bin/install -c
configure:2178: checking whether build environment is sane
configure:2238: result: yes
configure:2287: checking for arm-linux-strip
configure:2317: result: no
configure:2327: checking for strip
configure:2343: found /usr/bin/strip
configure:2354: result: strip
configure:2379: checking for a thread-safe mkdir -p
configure:2418: result: /bin/mkdir -p
configure:2431: checking for gawk
configure:2447: found /usr/bin/gawk
configure:2458: result: gawk
configure:2469: checking whether make sets $(MAKE)
configure:2491: result: yes
configure:2568: checking how to create a ustar tar archive
configure:2581: tar --version
tar (GNU tar) 1.23
Copyright (C) 2010 Free Software Foundation, Inc.
License GPLv3+: GNU GPL version 3 or later <http://gnu.org/licenses/gpl.html>.
This is free software: you are free to change and redistribute it.
There is NO WARRANTY, to the extent permitted by law.

Written by John Gilmore and Jay Fenlason.
configure:2584: $? = 0
configure:2624: tardir=conftest.dir && eval tar --format=ustar -chf - "$tardir" >conftest.tar
configure:2627: $? = 0
configure:2631: tar -xf - <conftest.tar
configure:2634: $? = 0
configure:2647: result: gnutar
configure:2661: checking build system type
configure:2679: result: i686-pc-linux-gnu
configure:2701: checking host system type
configure:2716: result: arm-unknown-linux-gnu
configure:2738: checking target system type
configure:2753: result: arm-unknown-linux-gnu
configure:2840: checking for wget
configure:2858: found /usr/bin/wget
configure:2870: result: /usr/bin/wget
configure:2886: checking for md5sum
configure:2904: found /usr/bin/md5sum
configure:2916: result: /usr/bin/md5sum
configure:2978: checking for unzip
configure:2996: found /usr/bin/unzip
configure:3008: result: /usr/bin/unzip
configure:3024: checking for patch
configure:3042: found /usr/bin/patch
configure:3054: result: /usr/bin/patch
configure:3106: checking for style of include used by make
configure:3134: result: GNU
configure:3164: checking for arm-linux-gcc
configure:3194: result: no
configure:3204: checking for gcc
configure:3220: found /usr/bin/gcc
configure:3231: result: gcc
configure:3463: checking for C compiler version
configure:3471: gcc --version >&5
gcc (GCC) 4.4.6 20110731 (Red Hat 4.4.6-3)
Copyright (C) 2010 Free Software Foundation, Inc.
This is free software; see the source for copying conditions.  There is NO
warranty; not even for MERCHANTABILITY or FITNESS FOR A PARTICULAR PURPOSE.

configure:3475: $? = 0
configure:3482: gcc -v >&5
Using built-in specs.
Target: i686-redhat-linux
Configured with: ../configure --prefix=/usr --mandir=/usr/share/man --infodir=/usr/share/info --with-bugurl=http://bugzilla.redhat.com/bugzilla --enable-bootstrap --enable-shared --enable-threads=posix --enable-checking=release --with-system-zlib --enable-__cxa_atexit --disable-libunwind-exceptions --enable-gnu-unique-object --enable-languages=c,c++,objc,obj-c++,java,fortran,ada --enable-java-awt=gtk --disable-dssi --with-java-home=/usr/lib/jvm/java-1.5.0-gcj-1.5.0.0/jre --enable-libgcj-multifile --enable-java-maintainer-mode --with-ecj-jar=/usr/share/java/eclipse-ecj.jar --disable-libjava-multilib --with-ppl --with-cloog --with-tune=generic --with-arch=i686 --build=i686-redhat-linux
Thread model: posix
gcc version 4.4.6 20110731 (Red Hat 4.4.6-3) (GCC) 
configure:3486: $? = 0
configure:3493: gcc -V >&5
gcc: '-V' option must have argument
configure:3497: $? = 1
configure:3520: checking for C compiler default output file name
configure:3542: gcc  -Wall   conftest.c  >&5
configure:3546: $? = 0
configure:3584: result: a.out
configure:3603: checking whether the C compiler works
configure:3613: ./a.out
configure:3617: $? = 0
configure:3636: result: yes
configure:3643: checking whether we are cross compiling
configure:3645: result: no
configure:3648: checking for suffix of executables
configure:3655: gcc -o conftest  -Wall   conftest.c  >&5
configure:3659: $? = 0
configure:3685: result: 
configure:3691: checking for suffix of object files
configure:3717: gcc -c  -Wall  conftest.c >&5
configure:3721: $? = 0
configure:3746: result: o
configure:3750: checking whether we are using the GNU C compiler
configure:3779: gcc -c  -Wall  conftest.c >&5
configure:3786: $? = 0
configure:3803: result: yes
configure:3812: checking whether gcc accepts -g
configure:3842: gcc -c -g  conftest.c >&5
configure:3849: $? = 0
configure:3950: result: yes
configure:3967: checking for gcc option to accept ISO C89
configure:4041: gcc  -c  -Wall  conftest.c >&5
configure:4048: $? = 0
configure:4071: result: none needed
configure:4091: checking dependency style of gcc
configure:4201: result: gcc3
configure:4216: checking for a sed that does not truncate output
configure:4282: result: /bin/sed
configure:4300: checking for grep that handles long lines and -e
configure:4360: result: /bin/grep
configure:4365: checking for egrep
configure:4429: result: /bin/grep -E
configure:4434: checking for fgrep
configure:4498: result: /bin/grep -F
configure:4533: checking for ld used by gcc
configure:4600: result: /usr/bin/ld
configure:4609: checking if the linker (/usr/bin/ld) is GNU ld
configure:4624: result: yes
configure:4636: checking for BSD- or MS-compatible name lister (nm)
configure:4685: result: no
configure:4696: checking for arm-linux-dumpbin
configure:4726: result: no
configure:4696: checking for arm-linux-link
configure:4726: result: no
configure:4740: checking for dumpbin
configure:4770: result: no
configure:4740: checking for link
configure:4756: found /bin/link
configure:4767: result: link -dump -symbols
configure:4803: checking the name lister (link -dump -symbols) interface
configure:4810: gcc -c  -Wall  conftest.c >&5
configure:4813: link -dump -symbols "conftest.o"
link: invalid option -- 'd'
Try `link --help' for more information.
configure:4816: output
configure:4823: result: BSD nm
configure:4826: checking whether ln -s works
configure:4830: result: yes
configure:4838: checking the maximum length of command line arguments
configure:4958: result: 1966080
configure:4975: checking whether the shell understands some XSI constructs
configure:4985: result: yes
configure:4989: checking whether the shell understands "+="
configure:4995: result: yes
configure:5030: checking for /usr/bin/ld option to reload object files
configure:5037: result: -r
configure:5066: checking for arm-linux-objdump
configure:5096: result: no
configure:5106: checking for objdump
configure:5122: found /usr/bin/objdump
configure:5133: result: objdump
configure:5165: checking how to recognize dependent libraries
configure:5361: result: pass_all
configure:5381: checking for arm-linux-ar
configure:5411: result: no
configure:5421: checking for ar
configure:5437: found /usr/bin/ar
configure:5448: result: ar
configure:5486: checking for arm-linux-strip
configure:5513: result: strip
configure:5585: checking for arm-linux-ranlib
configure:5615: result: no
configure:5625: checking for ranlib
configure:5641: found /usr/bin/ranlib
configure:5652: result: ranlib
configure:5742: checking command to parse link -dump -symbols output from gcc object
configure:5860: gcc -c  -Wall  conftest.c >&5
configure:5863: $? = 0
configure:5867: link -dump -symbols conftest.o \| sed -n -e 's/^.*[	 ]\([BCDEGRST][BCDEGRST]*\)[	 ][	 ]*\([_A-Za-z][_A-Za-z0-9]*\)$/\1 \2 \2/p' \> conftest.nm
link: invalid option -- 'd'
Try `link --help' for more information.
configure:5870: $? = 0
cannot run sed -n -e 's/^.*[	 ]\([BCDEGRST][BCDEGRST]*\)[	 ][	 ]*\([_A-Za-z][_A-Za-z0-9]*\)$/\1 \2 \2/p'
configure:5860: gcc -c  -Wall  conftest.c >&5
configure:5863: $? = 0
configure:5867: link -dump -symbols conftest.o \| sed -n -e 's/^.*[	 ]\([BCDEGRST][BCDEGRST]*\)[	 ][	 ]*_\([_A-Za-z][_A-Za-z0-9]*\)$/\1 _\2 \2/p' \> conftest.nm
link: invalid option -- 'd'
Try `link --help' for more information.
configure:5870: $? = 0
cannot run sed -n -e 's/^.*[	 ]\([BCDEGRST][BCDEGRST]*\)[	 ][	 ]*_\([_A-Za-z][_A-Za-z0-9]*\)$/\1 _\2 \2/p'
configure:5962: result: failed
configure:6832: checking how to run the C preprocessor
configure:6872: gcc -E  conftest.c
configure:6879: $? = 0
configure:6910: gcc -E  conftest.c
conftest.c:10:28: error: ac_nonexistent.h: No such file or directory
configure:6917: $? = 1
configure: failed program was:
| /* confdefs.h.  */
| #define PACKAGE_NAME "mssilk"
| #define PACKAGE_TARNAME "mssilk"
| #define PACKAGE_VERSION "1.0.0"
| #define PACKAGE_STRING "mssilk 1.0.0"
| #define PACKAGE_BUGREPORT ""
| #define PACKAGE "mssilk"
| #define VERSION "1.0.0"
| /* end confdefs.h.  */
| #include <ac_nonexistent.h>
configure:6950: result: gcc -E
configure:6979: gcc -E  conftest.c
configure:6986: $? = 0
configure:7017: gcc -E  conftest.c
conftest.c:10:28: error: ac_nonexistent.h: No such file or directory
configure:7024: $? = 1
configure: failed program was:
| /* confdefs.h.  */
| #define PACKAGE_NAME "mssilk"
| #define PACKAGE_TARNAME "mssilk"
| #define PACKAGE_VERSION "1.0.0"
| #define PACKAGE_STRING "mssilk 1.0.0"
| #define PACKAGE_BUGREPORT ""
| #define PACKAGE "mssilk"
| #define VERSION "1.0.0"
| /* end confdefs.h.  */
| #include <ac_nonexistent.h>
configure:7064: checking for ANSI C header files
configure:7094: gcc -c  -Wall  conftest.c >&5
configure:7101: $? = 0
configure:7200: gcc -o conftest  -Wall   conftest.c  >&5
configure:7204: $? = 0
configure:7210: ./conftest
configure:7214: $? = 0
configure:7232: result: yes
configure:7256: checking for sys/types.h
configure:7277: gcc -c  -Wall  conftest.c >&5
configure:7284: $? = 0
configure:7301: result: yes
configure:7256: checking for sys/stat.h
configure:7277: gcc -c  -Wall  conftest.c >&5
configure:7284: $? = 0
configure:7301: result: yes
configure:7256: checking for stdlib.h
configure:7277: gcc -c  -Wall  conftest.c >&5
configure:7284: $? = 0
configure:7301: result: yes
configure:7256: checking for string.h
configure:7277: gcc -c  -Wall  conftest.c >&5
configure:7284: $? = 0
configure:7301: result: yes
configure:7256: checking for memory.h
configure:7277: gcc -c  -Wall  conftest.c >&5
configure:7284: $? = 0
configure:7301: result: yes
configure:7256: checking for strings.h
configure:7277: gcc -c  -Wall  conftest.c >&5
configure:7284: $? = 0
configure:7301: result: yes
configure:7256: checking for inttypes.h
configure:7277: gcc -c  -Wall  conftest.c >&5
configure:7284: $? = 0
configure:7301: result: yes
configure:7256: checking for stdint.h
configure:7277: gcc -c  -Wall  conftest.c >&5
configure:7284: $? = 0
configure:7301: result: yes
configure:7256: checking for unistd.h
configure:7277: gcc -c  -Wall  conftest.c >&5
configure:7284: $? = 0
configure:7301: result: yes
configure:7319: checking for dlfcn.h
configure:7340: gcc -c  -Wall  conftest.c >&5
configure:7347: $? = 0
configure:7364: result: yes
configure:7549: checking for objdir
configure:7564: result: .libs
configure:7856: checking if gcc supports -fno-rtti -fno-exceptions
configure:7874: gcc -c  -Wall  -fno-rtti -fno-exceptions conftest.c >&5
cc1: warning: command line option "-fno-rtti" is valid for C++/ObjC++ but not for C
configure:7878: $? = 0
configure:7891: result: no
configure:7911: checking for gcc option to produce PIC
configure:8183: result: -fPIC -DPIC
configure:8195: checking if gcc PIC flag -fPIC -DPIC works
configure:8213: gcc -c  -Wall  -fPIC -DPIC -DPIC conftest.c >&5
configure:8217: $? = 0
configure:8230: result: yes
configure:8254: checking if gcc static flag -static works
configure:8282: result: no
configure:8297: checking if gcc supports -c -o file.o
configure:8318: gcc -c  -Wall  -o out/conftest2.o conftest.c >&5
configure:8322: $? = 0
configure:8344: result: yes
configure:8352: checking if gcc supports -c -o file.o
configure:8399: result: yes
configure:8432: checking whether the gcc linker (/usr/bin/ld) supports shared libraries
configure:9506: result: yes
configure:9543: checking whether -lc should be explicitly linked in
configure:9548: gcc -c  -Wall  conftest.c >&5
configure:9551: $? = 0
configure:9566: gcc -shared conftest.o  -v -Wl,-soname -Wl,conftest -o conftest 2\>\&1 \| /bin/grep  -lc  \>/dev/null 2\>\&1
configure:9569: $? = 0
configure:9581: result: no
configure:9745: checking dynamic linker characteristics
configure:10188: gcc -o conftest  -Wall   -Wl,-rpath -Wl,/foo conftest.c  >&5
configure:10195: $? = 0
configure:10431: result: GNU/Linux ld.so
configure:10533: checking how to hardcode library paths into programs
configure:10558: result: immediate
configure:11391: checking whether stripping libraries is possible
configure:11396: result: yes
configure:11431: checking if libtool supports shared libraries
configure:11433: result: yes
configure:11436: checking whether to build shared libraries
configure:11457: result: yes
configure:11460: checking whether to build static libraries
configure:11464: result: no
configure:11739: checking for cosf in -lm
configure:11774: gcc -o conftest  -Wall   conftest.c -lm   >&5
conftest.c:29: warning: conflicting types for built-in function 'cosf'
configure:11781: $? = 0
configure:11802: result: yes
configure:12276: creating ./config.status

## ---------------------- ##
## Running config.status. ##
## ---------------------- ##

This file was extended by mssilk config.status 1.0.0, which was
generated by GNU Autoconf 2.63.  Invocation command line was

  CONFIG_FILES    = 
  CONFIG_HEADERS  = 
  CONFIG_LINKS    = 
  CONFIG_COMMANDS = 
  $ ./config.status 

on localhost.localdomain

config.status:1008: creating Makefile
config.status:1008: creating sdk/Makefile
config.status:1008: creating mssilk.iss
config.status:1008: creating config.h
config.status:1282: executing depfiles commands
config.status:1282: executing libtool commands
config.status:1282: executing libtool-hacking commands

## ---------------- ##
## Cache variables. ##
## ---------------- ##

ac_cv_build=i686-pc-linux-gnu
ac_cv_c_compiler_gnu=yes
ac_cv_env_CC_set=
ac_cv_env_CC_value=
ac_cv_env_CFLAGS_set=
ac_cv_env_CFLAGS_value=
ac_cv_env_CPPFLAGS_set=
ac_cv_env_CPPFLAGS_value=
ac_cv_env_CPP_set=
ac_cv_env_CPP_value=
ac_cv_env_LDFLAGS_set=
ac_cv_env_LDFLAGS_value=
ac_cv_env_LIBS_set=
ac_cv_env_LIBS_value=
ac_cv_env_MEDIASTREAMER_CFLAGS_set=set
ac_cv_env_MEDIASTREAMER_CFLAGS_value=' '
ac_cv_env_MEDIASTREAMER_LIBS_set=set
ac_cv_env_MEDIASTREAMER_LIBS_value=' '
ac_cv_env_PKG_CONFIG_set=
ac_cv_env_PKG_CONFIG_value=
ac_cv_env_build_alias_set=
ac_cv_env_build_alias_value=
ac_cv_env_host_alias_set=set
ac_cv_env_host_alias_value=arm-linux
ac_cv_env_target_alias_set=
ac_cv_env_target_alias_value=
ac_cv_header_dlfcn_h=yes
ac_cv_header_inttypes_h=yes
ac_cv_header_memory_h=yes
ac_cv_header_stdc=yes
ac_cv_header_stdint_h=yes
ac_cv_header_stdlib_h=yes
ac_cv_header_string_h=yes
ac_cv_header_strings_h=yes
ac_cv_header_sys_stat_h=yes
ac_cv_header_sys_types_h=yes
ac_cv_header_unistd_h=yes
ac_cv_host=arm-unknown-linux-gnu
ac_cv_lib_m_cosf=yes
ac_cv_objext=o
ac_cv_path_EGREP='/bin/grep -E'
ac_cv_path_FGREP='/bin/grep -F'
ac_cv_path_GREP=/bin/grep
ac_cv_path_MD5SUM=/usr/bin/md5sum
ac_cv_path_PATCH=/usr/bin/patch
ac_cv_path_SED=/bin/sed
ac_cv_path_UNZIP=/usr/bin/unzip
ac_cv_path_WGET=/usr/bin/wget
ac_cv_path_install='/usr/bin/install -c'
ac_cv_path_mkdir=/bin/mkdir
ac_cv_prog_AWK=gawk
ac_cv_prog_CPP='gcc -E'
ac_cv_prog_STRIP=strip
ac_cv_prog_ac_ct_AR=ar
ac_cv_prog_ac_ct_CC=gcc
ac_cv_prog_ac_ct_DUMPBIN='link -dump -symbols'
ac_cv_prog_ac_ct_OBJDUMP=objdump
ac_cv_prog_ac_ct_RANLIB=ranlib
ac_cv_prog_ac_ct_STRIP=strip
ac_cv_prog_cc_c89=
ac_cv_prog_cc_g=yes
ac_cv_prog_make_make_set=yes
ac_cv_target=arm-unknown-linux-gnu
am_cv_CC_dependencies_compiler_type=gcc3
am_cv_prog_tar_ustar=gnutar
lt_cv_deplibs_check_method=pass_all
lt_cv_file_magic_cmd='$MAGIC_CMD'
lt_cv_file_magic_test_file=
lt_cv_ld_reload_flag=-r
lt_cv_nm_interface='BSD nm'
lt_cv_objdir=.libs
lt_cv_path_LD=/usr/bin/ld
lt_cv_path_NM=no
lt_cv_prog_compiler_c_o=yes
lt_cv_prog_compiler_pic_works=yes
lt_cv_prog_compiler_rtti_exceptions=no
lt_cv_prog_compiler_static_works=no
lt_cv_prog_gnu_ld=yes
lt_cv_sys_global_symbol_pipe=
lt_cv_sys_global_symbol_to_c_name_address='sed -n -e '\''s/^: \([^ ]*\) $/  {\"\1\", (void *) 0},/p'\'' -e '\''s/^[BCDEGRST]* \([^ ]*\) \([^ ]*\)$/  {"\2", (void *) \&\2},/p'\'''
lt_cv_sys_global_symbol_to_c_name_address_lib_prefix='sed -n -e '\''s/^: \([^ ]*\) $/  {\"\1\", (void *) 0},/p'\'' -e '\''s/^[BCDEGRST]* \([^ ]*\) \(lib[^ ]*\)$/  {"\2", (void *) \&\2},/p'\'' -e '\''s/^[BCDEGRST]* \([^ ]*\) \([^ ]*\)$/  {"lib\2", (void *) \&\2},/p'\'''
lt_cv_sys_global_symbol_to_cdecl=
lt_cv_sys_max_cmd_len=1966080

## ----------------- ##
## Output variables. ##
## ----------------- ##

ACLOCAL='${SHELL} /home/android-ndk-r9c/linphone-android/submodules/mssilk/missing --run aclocal-1.11'
AMDEPBACKSLASH='\'
AMDEP_FALSE='#'
AMDEP_TRUE=''
AMTAR='${SHELL} /home/android-ndk-r9c/linphone-android/submodules/mssilk/missing --run tar'
AR='ar'
AS='as'
AUTOCONF='${SHELL} /home/android-ndk-r9c/linphone-android/submodules/mssilk/missing --run autoconf'
AUTOHEADER='${SHELL} /home/android-ndk-r9c/linphone-android/submodules/mssilk/missing --run autoheader'
AUTOMAKE='${SHELL} /home/android-ndk-r9c/linphone-android/submodules/mssilk/missing --run automake-1.11'
AWK='gawk'
BUILD_WIN32_FALSE=''
BUILD_WIN32_TRUE='#'
CC='gcc'
CCDEPMODE='depmode=gcc3'
CFLAGS=' -Wall'
CPP='gcc -E'
CPPFLAGS=''
CYGPATH_W='echo'
DEFS='-DHAVE_CONFIG_H'
DEPDIR='.deps'
DLLTOOL='dlltool'
DSYMUTIL=''
DUMPBIN='link -dump -symbols'
ECHO_C=''
ECHO_N='-n'
ECHO_T=''
EGREP='/bin/grep -E'
EXEEXT=''
FGREP='/bin/grep -F'
GREP='/bin/grep'
INSTALL_DATA='${INSTALL} -m 644'
INSTALL_PROGRAM='${INSTALL}'
INSTALL_SCRIPT='${INSTALL}'
INSTALL_STRIP_PROGRAM='$(install_sh) -c -s'
LD='/usr/bin/ld'
LDFLAGS=''
LIBOBJS=''
LIBS='-lm '
LIBTOOL='$(SHELL) $(top_builddir)/libtool'
LIPO=''
LN_S='ln -s'
LTLIBOBJS=''
MAKEINFO='${SHELL} /home/android-ndk-r9c/linphone-android/submodules/mssilk/missing --run makeinfo'
MD5SUM='/usr/bin/md5sum'
MEDIASTREAMER_CFLAGS=' '
MEDIASTREAMER_LIBS=' '
MKDIR_P='/bin/mkdir -p'
NM='link -dump -symbols'
NMEDIT=''
OBJDUMP='objdump'
OBJEXT='o'
OTOOL64=''
OTOOL=''
PACKAGE='mssilk'
PACKAGE_BUGREPORT=''
PACKAGE_NAME='mssilk'
PACKAGE_STRING='mssilk 1.0.0'
PACKAGE_TARNAME='mssilk'
PACKAGE_VERSION='1.0.0'
PATCH='/usr/bin/patch'
PATH_SEPARATOR=':'
PKG_CONFIG=''
RANLIB='ranlib'
SED='/bin/sed'
SET_MAKE=''
SHELL='/bin/sh'
SILK_FLAVOUR='ARM'
SILK_MAKE_OPTIONS=''
STRICT_CFLAGS='-Werror'
STRIP='strip'
UNZIP='/usr/bin/unzip'
VERSION='1.0.0'
WGET='/usr/bin/wget'
ac_ct_CC='gcc'
ac_ct_DUMPBIN='link -dump -symbols'
am__EXEEXT_FALSE=''
am__EXEEXT_TRUE='#'
am__fastdepCC_FALSE='#'
am__fastdepCC_TRUE=''
am__include='include'
am__isrc=''
am__leading_dot='.'
am__quote=''
am__tar='tar --format=ustar -chf - "$$tardir"'
am__untar='tar -xf -'
bindir='${exec_prefix}/bin'
build='i686-pc-linux-gnu'
build_alias=''
build_cpu='i686'
build_os='linux-gnu'
build_vendor='pc'
datadir='${datarootdir}'
datarootdir='${prefix}/share'
docdir='${datarootdir}/doc/${PACKAGE_TARNAME}'
dvidir='${docdir}'
exec_prefix='${prefix}'
host='arm-unknown-linux-gnu'
host_alias='arm-linux'
host_cpu='arm'
host_os='linux-gnu'
host_vendor='unknown'
htmldir='${docdir}'
includedir='${prefix}/include'
infodir='${datarootdir}/info'
install_sh='${SHELL} /home/android-ndk-r9c/linphone-android/submodules/mssilk/install-sh'
libdir='${exec_prefix}/lib'
libexecdir='${exec_prefix}/libexec'
localedir='${datarootdir}/locale'
localstatedir='${prefix}/var'
lt_ECHO='echo'
mandir='${datarootdir}/man'
mkdir_p='/bin/mkdir -p'
oldincludedir='/usr/include'
pdfdir='${docdir}'
prefix='/usr/local'
program_transform_name='s,x,x,'
psdir='${docdir}'
sbindir='${exec_prefix}/sbin'
sharedstatedir='${prefix}/com'
sysconfdir='${prefix}/etc'
target='arm-unknown-linux-gnu'
target_alias=''
target_cpu='arm'
target_os='linux-gnu'
target_vendor='unknown'

## ----------- ##
## confdefs.h. ##
## ----------- ##

#define PACKAGE_NAME "mssilk"
#define PACKAGE_TARNAME "mssilk"
#define PACKAGE_VERSION "1.0.0"
#define PACKAGE_STRING "mssilk 1.0.0"
#define PACKAGE_BUGREPORT ""
#define PACKAGE "mssilk"
#define VERSION "1.0.0"
#define STDC_HEADERS 1
#define HAVE_SYS_TYPES_H 1
#define HAVE_SYS_STAT_H 1
#define HAVE_STDLIB_H 1
#define HAVE_STRING_H 1
#define HAVE_MEMORY_H 1
#define HAVE_STRINGS_H 1
#define HAVE_INTTYPES_H 1
#define HAVE_STDINT_H 1
#define HAVE_UNISTD_H 1
#define HAVE_DLFCN_H 1
#define LT_OBJDIR ".libs/"
#define HAVE_LIBM 1

configure: exit 0
