This file contains any messages produced by compilers while
running configure, to aid debugging if configure makes a mistake.

It was created by libilbc-rfc3951 configure 0.7, which was
generated by GNU Autoconf 2.63.  Invocation command line was

  $ ./configure 

## --------- ##
## Platform. ##
## --------- ##

hostname = localhost.localdomain
uname -m = i686
uname -r = 2.6.32-220.el6.i686
uname -s = Linux
uname -v = #1 SMP Tue Dec 6 16:15:40 GMT 2011

/usr/bin/uname -p = unknown
/bin/uname -X     = unknown

/bin/arch              = i686
/usr/bin/arch -k       = unknown
/usr/convex/getsysinfo = unknown
/usr/bin/hostinfo      = unknown
/bin/machine           = unknown
/usr/bin/oslevel       = unknown
/bin/universe          = unknown

PATH: /home/android-ndk-r9c
PATH: /home/android-ndk-r9c/adt-bundle-linux-x86-20140702/sdk/tools
PATH: /home/android-ndk-r9c/adt-bundle-linux-x86-20140702/sdk/platform-tools
PATH: /home/android-ndk-r9c
PATH: /usr/local/webserver/php/bin
PATH: /usr/local/sbin
PATH: /usr/sbin
PATH: /sbin
PATH: /usr/local/bin
PATH: /usr/bin
PATH: /bin
PATH: /root/bin


## ----------- ##
## Core tests. ##
## ----------- ##

configure:2069: checking for a BSD-compatible install
configure:2137: result: /usr/bin/install -c
configure:2148: checking whether build environment is sane
configure:2208: result: yes
configure:2349: checking for a thread-safe mkdir -p
configure:2388: result: /bin/mkdir -p
configure:2401: checking for gawk
configure:2417: found /usr/bin/gawk
configure:2428: result: gawk
configure:2439: checking whether make sets $(MAKE)
configure:2461: result: yes
configure:2538: checking how to create a ustar tar archive
configure:2551: tar --version
tar (GNU tar) 1.23
Copyright (C) 2010 Free Software Foundation, Inc.
License GPLv3+: GNU GPL version 3 or later <http://gnu.org/licenses/gpl.html>.
This is free software: you are free to change and redistribute it.
There is NO WARRANTY, to the extent permitted by law.

Written by John Gilmore and Jay Fenlason.
configure:2554: $? = 0
configure:2594: tardir=conftest.dir && eval tar --format=ustar -chf - "$tardir" >conftest.tar
configure:2597: $? = 0
configure:2601: tar -xf - <conftest.tar
configure:2604: $? = 0
configure:2617: result: gnutar
configure:2633: checking for gawk
configure:2660: result: gawk
configure:2678: checking for wget
configure:2696: found /usr/bin/wget
configure:2708: result: /usr/bin/wget
configure:2723: checking for md5sum
configure:2741: found /usr/bin/md5sum
configure:2753: result: /usr/bin/md5sum
configure:2844: checking build system type
configure:2862: result: i686-pc-linux-gnu
configure:2884: checking host system type
configure:2899: result: i686-pc-linux-gnu
configure:2933: checking for style of include used by make
configure:2961: result: GNU
configure:3031: checking for gcc
configure:3047: found /usr/bin/gcc
configure:3058: result: gcc
configure:3290: checking for C compiler version
configure:3298: gcc --version >&5
gcc (GCC) 4.4.6 20110731 (Red Hat 4.4.6-3)
Copyright (C) 2010 Free Software Foundation, Inc.
This is free software; see the source for copying conditions.  There is NO
warranty; not even for MERCHANTABILITY or FITNESS FOR A PARTICULAR PURPOSE.

configure:3302: $? = 0
configure:3309: gcc -v >&5
Using built-in specs.
Target: i686-redhat-linux
Configured with: ../configure --prefix=/usr --mandir=/usr/share/man --infodir=/usr/share/info --with-bugurl=http://bugzilla.redhat.com/bugzilla --enable-bootstrap --enable-shared --enable-threads=posix --enable-checking=release --with-system-zlib --enable-__cxa_atexit --disable-libunwind-exceptions --enable-gnu-unique-object --enable-languages=c,c++,objc,obj-c++,java,fortran,ada --enable-java-awt=gtk --disable-dssi --with-java-home=/usr/lib/jvm/java-1.5.0-gcj-1.5.0.0/jre --enable-libgcj-multifile --enable-java-maintainer-mode --with-ecj-jar=/usr/share/java/eclipse-ecj.jar --disable-libjava-multilib --with-ppl --with-cloog --with-tune=generic --with-arch=i686 --build=i686-redhat-linux
Thread model: posix
gcc version 4.4.6 20110731 (Red Hat 4.4.6-3) (GCC) 
configure:3313: $? = 0
configure:3320: gcc -V >&5
gcc: '-V' option must have argument
configure:3324: $? = 1
configure:3347: checking for C compiler default output file name
configure:3369: gcc    conftest.c  >&5
configure:3373: $? = 0
configure:3411: result: a.out
configure:3430: checking whether the C compiler works
configure:3440: ./a.out
configure:3444: $? = 0
configure:3463: result: yes
configure:3470: checking whether we are cross compiling
configure:3472: result: no
configure:3475: checking for suffix of executables
configure:3482: gcc -o conftest    conftest.c  >&5
configure:3486: $? = 0
configure:3512: result: 
configure:3518: checking for suffix of object files
configure:3544: gcc -c   conftest.c >&5
configure:3548: $? = 0
configure:3573: result: o
configure:3577: checking whether we are using the GNU C compiler
configure:3606: gcc -c   conftest.c >&5
configure:3613: $? = 0
configure:3630: result: yes
configure:3639: checking whether gcc accepts -g
configure:3669: gcc -c -g  conftest.c >&5
configure:3676: $? = 0
configure:3777: result: yes
configure:3794: checking for gcc option to accept ISO C89
configure:3868: gcc  -c -g -O2  conftest.c >&5
configure:3875: $? = 0
configure:3898: result: none needed
configure:3918: checking dependency style of gcc
configure:4028: result: gcc3
configure:4043: checking for a sed that does not truncate output
configure:4109: result: /bin/sed
configure:4127: checking for grep that handles long lines and -e
configure:4187: result: /bin/grep
configure:4192: checking for egrep
configure:4256: result: /bin/grep -E
configure:4261: checking for fgrep
configure:4325: result: /bin/grep -F
configure:4360: checking for ld used by gcc
configure:4427: result: /usr/bin/ld
configure:4436: checking if the linker (/usr/bin/ld) is GNU ld
configure:4451: result: yes
configure:4463: checking for BSD- or MS-compatible name lister (nm)
configure:4512: result: /usr/bin/nm -B
configure:4630: checking the name lister (/usr/bin/nm -B) interface
configure:4637: gcc -c -g -O2  conftest.c >&5
configure:4640: /usr/bin/nm -B "conftest.o"
configure:4643: output
00000000 B some_variable
configure:4650: result: BSD nm
configure:4653: checking whether ln -s works
configure:4657: result: yes
configure:4665: checking the maximum length of command line arguments
configure:4785: result: 1966080
configure:4802: checking whether the shell understands some XSI constructs
configure:4812: result: yes
configure:4816: checking whether the shell understands "+="
configure:4822: result: yes
configure:4857: checking for /usr/bin/ld option to reload object files
configure:4864: result: -r
configure:4933: checking for objdump
configure:4949: found /usr/bin/objdump
configure:4960: result: objdump
configure:4992: checking how to recognize dependent libraries
configure:5188: result: pass_all
configure:5248: checking for ar
configure:5264: found /usr/bin/ar
configure:5275: result: ar
configure:5353: checking for strip
configure:5369: found /usr/bin/strip
configure:5380: result: strip
configure:5452: checking for ranlib
configure:5468: found /usr/bin/ranlib
configure:5479: result: ranlib
configure:5569: checking command to parse /usr/bin/nm -B output from gcc object
configure:5687: gcc -c -g -O2  conftest.c >&5
configure:5690: $? = 0
configure:5694: /usr/bin/nm -B conftest.o \| sed -n -e 's/^.*[	 ]\([ABCDGIRSTW][ABCDGIRSTW]*\)[	 ][	 ]*\([_A-Za-z][_A-Za-z0-9]*\)$/\1 \2 \2/p' \> conftest.nm
configure:5697: $? = 0
configure:5751: gcc -o conftest -g -O2   conftest.c conftstm.o >&5
configure:5754: $? = 0
configure:5792: result: ok
configure:6659: checking how to run the C preprocessor
configure:6699: gcc -E  conftest.c
configure:6706: $? = 0
configure:6737: gcc -E  conftest.c
conftest.c:10:28: error: ac_nonexistent.h: No such file or directory
configure:6744: $? = 1
configure: failed program was:
| /* confdefs.h.  */
| #define PACKAGE_NAME "libilbc-rfc3951"
| #define PACKAGE_TARNAME "libilbc-rfc3951"
| #define PACKAGE_VERSION "0.7"
| #define PACKAGE_STRING "libilbc-rfc3951 0.7"
| #define PACKAGE_BUGREPORT ""
| #define PACKAGE "libilbc-rfc3951"
| #define VERSION "0.7"
| /* end confdefs.h.  */
| #include <ac_nonexistent.h>
configure:6777: result: gcc -E
configure:6806: gcc -E  conftest.c
configure:6813: $? = 0
configure:6844: gcc -E  conftest.c
conftest.c:10:28: error: ac_nonexistent.h: No such file or directory
configure:6851: $? = 1
configure: failed program was:
| /* confdefs.h.  */
| #define PACKAGE_NAME "libilbc-rfc3951"
| #define PACKAGE_TARNAME "libilbc-rfc3951"
| #define PACKAGE_VERSION "0.7"
| #define PACKAGE_STRING "libilbc-rfc3951 0.7"
| #define PACKAGE_BUGREPORT ""
| #define PACKAGE "libilbc-rfc3951"
| #define VERSION "0.7"
| /* end confdefs.h.  */
| #include <ac_nonexistent.h>
configure:6891: checking for ANSI C header files
configure:6921: gcc -c -g -O2  conftest.c >&5
configure:6928: $? = 0
configure:7027: gcc -o conftest -g -O2   conftest.c  >&5
configure:7031: $? = 0
configure:7037: ./conftest
configure:7041: $? = 0
configure:7059: result: yes
configure:7083: checking for sys/types.h
configure:7104: gcc -c -g -O2  conftest.c >&5
configure:7111: $? = 0
configure:7128: result: yes
configure:7083: checking for sys/stat.h
configure:7104: gcc -c -g -O2  conftest.c >&5
configure:7111: $? = 0
configure:7128: result: yes
configure:7083: checking for stdlib.h
configure:7104: gcc -c -g -O2  conftest.c >&5
configure:7111: $? = 0
configure:7128: result: yes
configure:7083: checking for string.h
configure:7104: gcc -c -g -O2  conftest.c >&5
configure:7111: $? = 0
configure:7128: result: yes
configure:7083: checking for memory.h
configure:7104: gcc -c -g -O2  conftest.c >&5
configure:7111: $? = 0
configure:7128: result: yes
configure:7083: checking for strings.h
configure:7104: gcc -c -g -O2  conftest.c >&5
configure:7111: $? = 0
configure:7128: result: yes
configure:7083: checking for inttypes.h
configure:7104: gcc -c -g -O2  conftest.c >&5
configure:7111: $? = 0
configure:7128: result: yes
configure:7083: checking for stdint.h
configure:7104: gcc -c -g -O2  conftest.c >&5
configure:7111: $? = 0
configure:7128: result: yes
configure:7083: checking for unistd.h
configure:7104: gcc -c -g -O2  conftest.c >&5
configure:7111: $? = 0
configure:7128: result: yes
configure:7146: checking for dlfcn.h
configure:7167: gcc -c -g -O2  conftest.c >&5
configure:7174: $? = 0
configure:7191: result: yes
configure:7376: checking for objdir
configure:7391: result: .libs
configure:7683: checking if gcc supports -fno-rtti -fno-exceptions
configure:7701: gcc -c -g -O2  -fno-rtti -fno-exceptions conftest.c >&5
cc1: warning: command line option "-fno-rtti" is valid for C++/ObjC++ but not for C
configure:7705: $? = 0
configure:7718: result: no
configure:7738: checking for gcc option to produce PIC
configure:8010: result: -fPIC -DPIC
configure:8022: checking if gcc PIC flag -fPIC -DPIC works
configure:8040: gcc -c -g -O2  -fPIC -DPIC -DPIC conftest.c >&5
configure:8044: $? = 0
configure:8057: result: yes
configure:8081: checking if gcc static flag -static works
configure:8109: result: no
configure:8124: checking if gcc supports -c -o file.o
configure:8145: gcc -c -g -O2  -o out/conftest2.o conftest.c >&5
configure:8149: $? = 0
configure:8171: result: yes
configure:8179: checking if gcc supports -c -o file.o
configure:8226: result: yes
configure:8259: checking whether the gcc linker (/usr/bin/ld) supports shared libraries
configure:9333: result: yes
configure:9370: checking whether -lc should be explicitly linked in
configure:9375: gcc -c -g -O2  conftest.c >&5
configure:9378: $? = 0
configure:9393: gcc -shared conftest.o  -v -Wl,-soname -Wl,conftest -o conftest 2\>\&1 \| /bin/grep  -lc  \>/dev/null 2\>\&1
configure:9396: $? = 0
configure:9408: result: no
configure:9572: checking dynamic linker characteristics
configure:10015: gcc -o conftest -g -O2   -Wl,-rpath -Wl,/foo conftest.c  >&5
configure:10022: $? = 0
configure:10258: result: GNU/Linux ld.so
configure:10360: checking how to hardcode library paths into programs
configure:10385: result: immediate
configure:11218: checking whether stripping libraries is possible
configure:11223: result: yes
configure:11258: checking if libtool supports shared libraries
configure:11260: result: yes
configure:11263: checking whether to build shared libraries
configure:11284: result: yes
configure:11287: checking whether to build static libraries
configure:11291: result: no
configure:11329: checking for cosf in -lm
configure:11364: gcc -o conftest -g -O2   conftest.c -lm   >&5
conftest.c:29: warning: conflicting types for built-in function 'cosf'
configure:11371: $? = 0
configure:11392: result: yes
configure:11540: creating ./config.status

## ---------------------- ##
## Running config.status. ##
## ---------------------- ##

This file was extended by libilbc-rfc3951 config.status 0.7, which was
generated by GNU Autoconf 2.63.  Invocation command line was

  CONFIG_FILES    = 
  CONFIG_HEADERS  = 
  CONFIG_LINKS    = 
  CONFIG_COMMANDS = 
  $ ./config.status 

on localhost.localdomain

config.status:992: creating Makefile
config.status:992: creating downloads/Makefile
config.status:992: creating src/Makefile
config.status:992: creating pkgconfig/Makefile
config.status:992: creating pkgconfig/ilbc.pc
config.status:992: creating man/Makefile
config.status:992: creating libilbc-rfc3951.spec
config.status:992: creating config.h
config.status:1266: executing depfiles commands
config.status:1266: executing libtool commands

## ---------------- ##
## Cache variables. ##
## ---------------- ##

ac_cv_build=i686-pc-linux-gnu
ac_cv_c_compiler_gnu=yes
ac_cv_env_CC_set=
ac_cv_env_CC_value=
ac_cv_env_CFLAGS_set=
ac_cv_env_CFLAGS_value=
ac_cv_env_CPPFLAGS_set=
ac_cv_env_CPPFLAGS_value=
ac_cv_env_CPP_set=
ac_cv_env_CPP_value=
ac_cv_env_LDFLAGS_set=
ac_cv_env_LDFLAGS_value=
ac_cv_env_LIBS_set=
ac_cv_env_LIBS_value=
ac_cv_env_build_alias_set=
ac_cv_env_build_alias_value=
ac_cv_env_host_alias_set=
ac_cv_env_host_alias_value=
ac_cv_env_target_alias_set=
ac_cv_env_target_alias_value=
ac_cv_header_dlfcn_h=yes
ac_cv_header_inttypes_h=yes
ac_cv_header_memory_h=yes
ac_cv_header_stdc=yes
ac_cv_header_stdint_h=yes
ac_cv_header_stdlib_h=yes
ac_cv_header_string_h=yes
ac_cv_header_strings_h=yes
ac_cv_header_sys_stat_h=yes
ac_cv_header_sys_types_h=yes
ac_cv_header_unistd_h=yes
ac_cv_host=i686-pc-linux-gnu
ac_cv_lib_m_cosf=yes
ac_cv_objext=o
ac_cv_path_EGREP='/bin/grep -E'
ac_cv_path_FGREP='/bin/grep -F'
ac_cv_path_GREP=/bin/grep
ac_cv_path_MD5SUM=/usr/bin/md5sum
ac_cv_path_SED=/bin/sed
ac_cv_path_WGET=/usr/bin/wget
ac_cv_path_install='/usr/bin/install -c'
ac_cv_path_mkdir=/bin/mkdir
ac_cv_prog_AWK=gawk
ac_cv_prog_CPP='gcc -E'
ac_cv_prog_ac_ct_AR=ar
ac_cv_prog_ac_ct_CC=gcc
ac_cv_prog_ac_ct_OBJDUMP=objdump
ac_cv_prog_ac_ct_RANLIB=ranlib
ac_cv_prog_ac_ct_STRIP=strip
ac_cv_prog_cc_c89=
ac_cv_prog_cc_g=yes
ac_cv_prog_make_make_set=yes
am_cv_CC_dependencies_compiler_type=gcc3
am_cv_prog_tar_ustar=gnutar
lt_cv_deplibs_check_method=pass_all
lt_cv_file_magic_cmd='$MAGIC_CMD'
lt_cv_file_magic_test_file=
lt_cv_ld_reload_flag=-r
lt_cv_nm_interface='BSD nm'
lt_cv_objdir=.libs
lt_cv_path_LD=/usr/bin/ld
lt_cv_path_NM='/usr/bin/nm -B'
lt_cv_prog_compiler_c_o=yes
lt_cv_prog_compiler_pic_works=yes
lt_cv_prog_compiler_rtti_exceptions=no
lt_cv_prog_compiler_static_works=no
lt_cv_prog_gnu_ld=yes
lt_cv_sys_global_symbol_pipe='sed -n -e '\''s/^.*[	 ]\([ABCDGIRSTW][ABCDGIRSTW]*\)[	 ][	 ]*\([_A-Za-z][_A-Za-z0-9]*\)$/\1 \2 \2/p'\'''
lt_cv_sys_global_symbol_to_c_name_address='sed -n -e '\''s/^: \([^ ]*\) $/  {\"\1\", (void *) 0},/p'\'' -e '\''s/^[ABCDGIRSTW]* \([^ ]*\) \([^ ]*\)$/  {"\2", (void *) \&\2},/p'\'''
lt_cv_sys_global_symbol_to_c_name_address_lib_prefix='sed -n -e '\''s/^: \([^ ]*\) $/  {\"\1\", (void *) 0},/p'\'' -e '\''s/^[ABCDGIRSTW]* \([^ ]*\) \(lib[^ ]*\)$/  {"\2", (void *) \&\2},/p'\'' -e '\''s/^[ABCDGIRSTW]* \([^ ]*\) \([^ ]*\)$/  {"lib\2", (void *) \&\2},/p'\'''
lt_cv_sys_global_symbol_to_cdecl='sed -n -e '\''s/^T .* \(.*\)$/extern int \1();/p'\'' -e '\''s/^[ABCDGIRSTW]* .* \(.*\)$/extern char \1;/p'\'''
lt_cv_sys_max_cmd_len=1966080

## ----------------- ##
## Output variables. ##
## ----------------- ##

ACLOCAL='${SHELL} /home/android-ndk-r9c/linphone-android/submodules/libilbc-rfc3951/missing --run aclocal-1.11'
AMDEPBACKSLASH='\'
AMDEP_FALSE='#'
AMDEP_TRUE=''
AMTAR='${SHELL} /home/android-ndk-r9c/linphone-android/submodules/libilbc-rfc3951/missing --run tar'
AR='ar'
AUTOCONF='${SHELL} /home/android-ndk-r9c/linphone-android/submodules/libilbc-rfc3951/missing --run autoconf'
AUTOHEADER='${SHELL} /home/android-ndk-r9c/linphone-android/submodules/libilbc-rfc3951/missing --run autoheader'
AUTOMAKE='${SHELL} /home/android-ndk-r9c/linphone-android/submodules/libilbc-rfc3951/missing --run automake-1.11'
AWK='gawk'
CC='gcc'
CCDEPMODE='depmode=gcc3'
CFLAGS='-g -O2'
CPP='gcc -E'
CPPFLAGS=''
CYGPATH_W='echo'
DEFS='-DHAVE_CONFIG_H'
DEPDIR='.deps'
DSYMUTIL=''
DUMPBIN=''
ECHO_C=''
ECHO_N='-n'
ECHO_T=''
EGREP='/bin/grep -E'
EXEEXT=''
FGREP='/bin/grep -F'
GREP='/bin/grep'
INSTALL_DATA='${INSTALL} -m 644'
INSTALL_PROGRAM='${INSTALL}'
INSTALL_SCRIPT='${INSTALL}'
INSTALL_STRIP_PROGRAM='$(install_sh) -c -s'
LD='/usr/bin/ld'
LDFLAGS=''
LIBOBJS=''
LIBS='-lm '
LIBTOOL='$(SHELL) $(top_builddir)/libtool'
LIPO=''
LN_S='ln -s'
LTLIBOBJS=''
MAKEINFO='${SHELL} /home/android-ndk-r9c/linphone-android/submodules/libilbc-rfc3951/missing --run makeinfo'
MD5SUM='/usr/bin/md5sum'
MKDIR_P='/bin/mkdir -p'
NM='/usr/bin/nm -B'
NMEDIT=''
OBJDUMP='objdump'
OBJEXT='o'
OTOOL64=''
OTOOL=''
PACKAGE='libilbc-rfc3951'
PACKAGE_BUGREPORT=''
PACKAGE_NAME='libilbc-rfc3951'
PACKAGE_STRING='libilbc-rfc3951 0.7'
PACKAGE_TARNAME='libilbc-rfc3951'
PACKAGE_VERSION='0.7'
PATH_SEPARATOR=':'
RANLIB='ranlib'
SED='/bin/sed'
SET_MAKE=''
SHELL='/bin/sh'
STRIP='strip'
VERSION='0.7'
WGET='/usr/bin/wget'
ac_ct_CC='gcc'
ac_ct_DUMPBIN=''
am__EXEEXT_FALSE=''
am__EXEEXT_TRUE='#'
am__fastdepCC_FALSE='#'
am__fastdepCC_TRUE=''
am__include='include'
am__isrc=''
am__leading_dot='.'
am__quote=''
am__tar='tar --format=ustar -chf - "$$tardir"'
am__untar='tar -xf -'
bindir='${exec_prefix}/bin'
build='i686-pc-linux-gnu'
build_alias=''
build_cpu='i686'
build_os='linux-gnu'
build_vendor='pc'
datadir='${datarootdir}'
datarootdir='${prefix}/share'
docdir='${datarootdir}/doc/${PACKAGE_TARNAME}'
dvidir='${docdir}'
exec_prefix='${prefix}'
host='i686-pc-linux-gnu'
host_alias=''
host_cpu='i686'
host_os='linux-gnu'
host_vendor='pc'
htmldir='${docdir}'
includedir='${prefix}/include'
infodir='${datarootdir}/info'
install_sh='${SHELL} /home/android-ndk-r9c/linphone-android/submodules/libilbc-rfc3951/install-sh'
libdir='${exec_prefix}/lib'
libexecdir='${exec_prefix}/libexec'
localedir='${datarootdir}/locale'
localstatedir='${prefix}/var'
lt_ECHO='echo'
mandir='${datarootdir}/man'
mkdir_p='/bin/mkdir -p'
oldincludedir='/usr/include'
pdfdir='${docdir}'
prefix='/usr/local'
program_transform_name='s,x,x,'
psdir='${docdir}'
sbindir='${exec_prefix}/sbin'
sharedstatedir='${prefix}/com'
sysconfdir='${prefix}/etc'
target_alias=''

## ----------- ##
## confdefs.h. ##
## ----------- ##

#define PACKAGE_NAME "libilbc-rfc3951"
#define PACKAGE_TARNAME "libilbc-rfc3951"
#define PACKAGE_VERSION "0.7"
#define PACKAGE_STRING "libilbc-rfc3951 0.7"
#define PACKAGE_BUGREPORT ""
#define PACKAGE "libilbc-rfc3951"
#define VERSION "0.7"
#define STDC_HEADERS 1
#define HAVE_SYS_TYPES_H 1
#define HAVE_SYS_STAT_H 1
#define HAVE_STDLIB_H 1
#define HAVE_STRING_H 1
#define HAVE_MEMORY_H 1
#define HAVE_STRINGS_H 1
#define HAVE_INTTYPES_H 1
#define HAVE_STDINT_H 1
#define HAVE_UNISTD_H 1
#define HAVE_DLFCN_H 1
#define LT_OBJDIR ".libs/"
#define HAVE_LIBM 1

configure: exit 0
